{
"/Users/RyanSmith/Desktop/symphony-integrations/sy-trans/app/services/FTP.js":{"path":"/Users/RyanSmith/Desktop/symphony-integrations/sy-trans/app/services/FTP.js","s":{"1":1,"2":1,"3":0,"4":0,"5":1,"6":1,"7":1,"8":1,"9":1,"10":1,"11":1,"12":1,"13":1,"14":1,"15":1,"16":0,"17":0,"18":0,"19":0,"20":0,"21":0,"22":0,"23":0,"24":1,"25":1,"26":1,"27":1,"28":1,"29":1,"30":0,"31":1,"32":1,"33":1,"34":0,"35":0,"36":0,"37":0,"38":0,"39":0,"40":0,"41":0,"42":0,"43":0,"44":0,"45":0,"46":0,"47":0,"48":0,"49":0,"50":1,"51":0,"52":0,"53":0,"54":0,"55":0,"56":0,"57":0,"58":0,"59":0,"60":0,"61":0,"62":0,"63":0,"64":0,"65":0,"66":0,"67":0,"68":0,"69":0,"70":1,"71":0,"72":0,"73":0,"74":0,"75":0,"76":0,"77":0,"78":0,"79":0,"80":0,"81":0,"82":0,"83":0,"84":0,"85":0,"86":1,"87":1,"88":1},"b":{"1":[1,1,1],"2":[0,0],"3":[0,1],"4":[0,0],"5":[0,1],"6":[0,0],"7":[0,0],"8":[0,0],"9":[0,0],"10":[0,0],"11":[0,0],"12":[0,0],"13":[0,0]},"f":{"1":1,"2":1,"3":1,"4":1,"5":0,"6":0,"7":1,"8":1,"9":1,"10":0,"11":0,"12":0,"13":0,"14":0,"15":0,"16":0,"17":0,"18":0,"19":0,"20":0,"21":0,"22":0,"23":0},"fnMap":{"1":{"name":"(anonymous_1)","line":2,"loc":{"start":{"line":2,"column":70},"end":{"line":2,"column":86}},"skip":true},"2":{"name":"__","line":4,"loc":{"start":{"line":4,"column":4},"end":{"line":4,"column":18}},"skip":true},"3":{"name":"(anonymous_3)","line":9,"loc":{"start":{"line":9,"column":11},"end":{"line":9,"column":29}}},"4":{"name":"FTP","line":11,"loc":{"start":{"line":11,"column":4},"end":{"line":11,"column":26}}},"5":{"name":"(anonymous_5)","line":16,"loc":{"start":{"line":16,"column":28},"end":{"line":16,"column":40}},"skip":true},"6":{"name":"(anonymous_6)","line":20,"loc":{"start":{"line":20,"column":24},"end":{"line":20,"column":36}},"skip":true},"7":{"name":"(anonymous_7)","line":25,"loc":{"start":{"line":25,"column":28},"end":{"line":25,"column":44}}},"8":{"name":"(anonymous_8)","line":27,"loc":{"start":{"line":27,"column":35},"end":{"line":27,"column":50}}},"9":{"name":"(anonymous_9)","line":29,"loc":{"start":{"line":29,"column":27},"end":{"line":29,"column":48}}},"10":{"name":"(anonymous_10)","line":39,"loc":{"start":{"line":39,"column":29},"end":{"line":39,"column":54}}},"11":{"name":"(anonymous_11)","line":43,"loc":{"start":{"line":43,"column":24},"end":{"line":43,"column":36}}},"12":{"name":"(anonymous_12)","line":44,"loc":{"start":{"line":44,"column":31},"end":{"line":44,"column":54}}},"13":{"name":"(anonymous_13)","line":49,"loc":{"start":{"line":49,"column":34},"end":{"line":49,"column":51}}},"14":{"name":"(anonymous_14)","line":51,"loc":{"start":{"line":51,"column":29},"end":{"line":51,"column":41}}},"15":{"name":"(anonymous_15)","line":54,"loc":{"start":{"line":54,"column":31},"end":{"line":54,"column":46}}},"16":{"name":"(anonymous_16)","line":63,"loc":{"start":{"line":63,"column":30},"end":{"line":63,"column":55}}},"17":{"name":"(anonymous_17)","line":67,"loc":{"start":{"line":67,"column":24},"end":{"line":67,"column":36}}},"18":{"name":"(anonymous_18)","line":72,"loc":{"start":{"line":72,"column":43},"end":{"line":72,"column":58}}},"19":{"name":"(anonymous_19)","line":79,"loc":{"start":{"line":79,"column":23},"end":{"line":79,"column":38}}},"20":{"name":"(anonymous_20)","line":89,"loc":{"start":{"line":89,"column":29},"end":{"line":89,"column":66}}},"21":{"name":"(anonymous_21)","line":93,"loc":{"start":{"line":93,"column":24},"end":{"line":93,"column":36}}},"22":{"name":"(anonymous_22)","line":94,"loc":{"start":{"line":94,"column":41},"end":{"line":94,"column":62}}},"23":{"name":"(anonymous_23)","line":101,"loc":{"start":{"line":101,"column":23},"end":{"line":101,"column":38}}}},"statementMap":{"1":{"start":{"line":2,"column":0},"end":{"line":6,"column":2}},"2":{"start":{"line":3,"column":4},"end":{"line":3,"column":58},"skip":true},"3":{"start":{"line":3,"column":21},"end":{"line":3,"column":58},"skip":true},"4":{"start":{"line":3,"column":46},"end":{"line":3,"column":58},"skip":true},"5":{"start":{"line":4,"column":4},"end":{"line":4,"column":43},"skip":true},"6":{"start":{"line":4,"column":20},"end":{"line":4,"column":41},"skip":true},"7":{"start":{"line":5,"column":4},"end":{"line":5,"column":89},"skip":true},"8":{"start":{"line":7,"column":0},"end":{"line":7,"column":56}},"9":{"start":{"line":8,"column":0},"end":{"line":8,"column":156}},"10":{"start":{"line":9,"column":0},"end":{"line":112,"column":27}},"11":{"start":{"line":10,"column":4},"end":{"line":10,"column":27}},"12":{"start":{"line":11,"column":4},"end":{"line":14,"column":5}},"13":{"start":{"line":12,"column":8},"end":{"line":12,"column":26}},"14":{"start":{"line":13,"column":8},"end":{"line":13,"column":31}},"15":{"start":{"line":16,"column":4},"end":{"line":24,"column":6},"skip":true},"16":{"start":{"line":17,"column":8},"end":{"line":17,"column":39},"skip":true},"17":{"start":{"line":18,"column":8},"end":{"line":18,"column":32},"skip":true},"18":{"start":{"line":19,"column":8},"end":{"line":19,"column":71},"skip":true},"19":{"start":{"line":20,"column":8},"end":{"line":20,"column":71},"skip":true},"20":{"start":{"line":20,"column":38},"end":{"line":20,"column":67},"skip":true},"21":{"start":{"line":21,"column":8},"end":{"line":21,"column":41},"skip":true},"22":{"start":{"line":22,"column":8},"end":{"line":22,"column":34},"skip":true},"23":{"start":{"line":23,"column":8},"end":{"line":23,"column":32},"skip":true},"24":{"start":{"line":25,"column":4},"end":{"line":38,"column":6}},"25":{"start":{"line":26,"column":8},"end":{"line":26,"column":25}},"26":{"start":{"line":27,"column":8},"end":{"line":37,"column":11}},"27":{"start":{"line":28,"column":12},"end":{"line":28,"column":44}},"28":{"start":{"line":29,"column":12},"end":{"line":35,"column":15}},"29":{"start":{"line":30,"column":16},"end":{"line":33,"column":17}},"30":{"start":{"line":32,"column":20},"end":{"line":32,"column":41}},"31":{"start":{"line":34,"column":16},"end":{"line":34,"column":39}},"32":{"start":{"line":36,"column":12},"end":{"line":36,"column":36}},"33":{"start":{"line":39,"column":4},"end":{"line":62,"column":6}},"34":{"start":{"line":40,"column":8},"end":{"line":40,"column":39}},"35":{"start":{"line":41,"column":8},"end":{"line":41,"column":32}},"36":{"start":{"line":42,"column":8},"end":{"line":42,"column":56}},"37":{"start":{"line":43,"column":8},"end":{"line":59,"column":11}},"38":{"start":{"line":44,"column":12},"end":{"line":58,"column":15}},"39":{"start":{"line":45,"column":16},"end":{"line":47,"column":17}},"40":{"start":{"line":46,"column":20},"end":{"line":46,"column":41}},"41":{"start":{"line":48,"column":16},"end":{"line":48,"column":33}},"42":{"start":{"line":49,"column":16},"end":{"line":57,"column":19}},"43":{"start":{"line":50,"column":20},"end":{"line":50,"column":37}},"44":{"start":{"line":52,"column":20},"end":{"line":52,"column":30}},"45":{"start":{"line":53,"column":20},"end":{"line":53,"column":46}},"46":{"start":{"line":55,"column":20},"end":{"line":55,"column":30}},"47":{"start":{"line":56,"column":20},"end":{"line":56,"column":41}},"48":{"start":{"line":60,"column":8},"end":{"line":60,"column":29}},"49":{"start":{"line":61,"column":8},"end":{"line":61,"column":32}},"50":{"start":{"line":63,"column":4},"end":{"line":88,"column":6}},"51":{"start":{"line":64,"column":8},"end":{"line":64,"column":72}},"52":{"start":{"line":65,"column":8},"end":{"line":65,"column":29}},"53":{"start":{"line":66,"column":8},"end":{"line":66,"column":56}},"54":{"start":{"line":67,"column":8},"end":{"line":85,"column":11}},"55":{"start":{"line":68,"column":12},"end":{"line":68,"column":54}},"56":{"start":{"line":69,"column":12},"end":{"line":69,"column":44}},"57":{"start":{"line":70,"column":12},"end":{"line":70,"column":42}},"58":{"start":{"line":71,"column":12},"end":{"line":71,"column":34}},"59":{"start":{"line":72,"column":12},"end":{"line":78,"column":15}},"60":{"start":{"line":73,"column":16},"end":{"line":75,"column":17}},"61":{"start":{"line":74,"column":20},"end":{"line":74,"column":41}},"62":{"start":{"line":76,"column":16},"end":{"line":76,"column":26}},"63":{"start":{"line":77,"column":16},"end":{"line":77,"column":37}},"64":{"start":{"line":80,"column":12},"end":{"line":82,"column":13}},"65":{"start":{"line":81,"column":16},"end":{"line":81,"column":37}},"66":{"start":{"line":83,"column":12},"end":{"line":83,"column":31}},"67":{"start":{"line":84,"column":12},"end":{"line":84,"column":33}},"68":{"start":{"line":86,"column":8},"end":{"line":86,"column":29}},"69":{"start":{"line":87,"column":8},"end":{"line":87,"column":32}},"70":{"start":{"line":89,"column":4},"end":{"line":110,"column":6}},"71":{"start":{"line":90,"column":8},"end":{"line":90,"column":72}},"72":{"start":{"line":91,"column":8},"end":{"line":91,"column":29}},"73":{"start":{"line":92,"column":8},"end":{"line":92,"column":56}},"74":{"start":{"line":93,"column":8},"end":{"line":107,"column":11}},"75":{"start":{"line":94,"column":12},"end":{"line":100,"column":15}},"76":{"start":{"line":95,"column":16},"end":{"line":97,"column":17}},"77":{"start":{"line":96,"column":20},"end":{"line":96,"column":41}},"78":{"start":{"line":98,"column":16},"end":{"line":98,"column":26}},"79":{"start":{"line":99,"column":16},"end":{"line":99,"column":37}},"80":{"start":{"line":102,"column":12},"end":{"line":104,"column":13}},"81":{"start":{"line":103,"column":16},"end":{"line":103,"column":37}},"82":{"start":{"line":105,"column":12},"end":{"line":105,"column":31}},"83":{"start":{"line":106,"column":12},"end":{"line":106,"column":33}},"84":{"start":{"line":108,"column":8},"end":{"line":108,"column":29}},"85":{"start":{"line":109,"column":8},"end":{"line":109,"column":32}},"86":{"start":{"line":111,"column":4},"end":{"line":111,"column":15}},"87":{"start":{"line":113,"column":0},"end":{"line":113,"column":62}},"88":{"start":{"line":114,"column":0},"end":{"line":114,"column":22}}},"branchMap":{"1":{"line":2,"type":"binary-expr","locations":[{"start":{"line":2,"column":17},"end":{"line":2,"column":21}},{"start":{"line":2,"column":25},"end":{"line":2,"column":39}},{"start":{"line":2,"column":70},"end":{"line":6,"column":1},"skip":true}]},"2":{"line":3,"type":"if","locations":[{"start":{"line":3,"column":21},"end":{"line":3,"column":21},"skip":true},{"start":{"line":3,"column":21},"end":{"line":3,"column":21},"skip":true}]},"3":{"line":5,"type":"cond-expr","locations":[{"start":{"line":5,"column":31},"end":{"line":5,"column":47},"skip":true},{"start":{"line":5,"column":51},"end":{"line":5,"column":87},"skip":true}]},"4":{"line":19,"type":"binary-expr","locations":[{"start":{"line":19,"column":28},"end":{"line":19,"column":49},"skip":true},{"start":{"line":19,"column":53},"end":{"line":19,"column":70},"skip":true}]},"5":{"line":30,"type":"if","locations":[{"start":{"line":30,"column":16},"end":{"line":30,"column":16}},{"start":{"line":30,"column":16},"end":{"line":30,"column":16}}]},"6":{"line":42,"type":"binary-expr","locations":[{"start":{"line":42,"column":23},"end":{"line":42,"column":39}},{"start":{"line":42,"column":43},"end":{"line":42,"column":55}}]},"7":{"line":45,"type":"if","locations":[{"start":{"line":45,"column":16},"end":{"line":45,"column":16}},{"start":{"line":45,"column":16},"end":{"line":45,"column":16}}]},"8":{"line":66,"type":"binary-expr","locations":[{"start":{"line":66,"column":23},"end":{"line":66,"column":39}},{"start":{"line":66,"column":43},"end":{"line":66,"column":55}}]},"9":{"line":73,"type":"if","locations":[{"start":{"line":73,"column":16},"end":{"line":73,"column":16}},{"start":{"line":73,"column":16},"end":{"line":73,"column":16}}]},"10":{"line":80,"type":"if","locations":[{"start":{"line":80,"column":12},"end":{"line":80,"column":12}},{"start":{"line":80,"column":12},"end":{"line":80,"column":12}}]},"11":{"line":92,"type":"binary-expr","locations":[{"start":{"line":92,"column":23},"end":{"line":92,"column":39}},{"start":{"line":92,"column":43},"end":{"line":92,"column":55}}]},"12":{"line":95,"type":"if","locations":[{"start":{"line":95,"column":16},"end":{"line":95,"column":16}},{"start":{"line":95,"column":16},"end":{"line":95,"column":16}}]},"13":{"line":102,"type":"if","locations":[{"start":{"line":102,"column":12},"end":{"line":102,"column":12}},{"start":{"line":102,"column":12},"end":{"line":102,"column":12}}]}},"l":{"2":1,"3":1,"4":1,"5":1,"7":1,"8":1,"9":1,"10":1,"11":1,"12":1,"13":1,"16":1,"17":1,"18":1,"19":1,"20":1,"21":1,"22":1,"23":1,"25":1,"26":1,"27":1,"28":1,"29":1,"30":1,"32":0,"34":1,"36":1,"39":1,"40":0,"41":0,"42":0,"43":0,"44":0,"45":0,"46":0,"48":0,"49":0,"50":0,"52":0,"53":0,"55":0,"56":0,"60":0,"61":0,"63":1,"64":0,"65":0,"66":0,"67":0,"68":0,"69":0,"70":0,"71":0,"72":0,"73":0,"74":0,"76":0,"77":0,"80":0,"81":0,"83":0,"84":0,"86":0,"87":0,"89":1,"90":0,"91":0,"92":0,"93":0,"94":0,"95":0,"96":0,"98":0,"99":0,"102":0,"103":0,"105":0,"106":0,"108":0,"109":0,"111":1,"113":1,"114":1}},
"/Users/RyanSmith/Desktop/symphony-integrations/sy-trans/app/services/SFTP.js":{"path":"/Users/RyanSmith/Desktop/symphony-integrations/sy-trans/app/services/SFTP.js","s":{"1":1,"2":1,"3":0,"4":0,"5":1,"6":1,"7":1,"8":1,"9":1,"10":1,"11":1,"12":1,"13":0,"14":0,"15":1,"16":0,"17":0,"18":0,"19":0,"20":0,"21":1,"22":0,"23":0,"24":0,"25":0,"26":0,"27":0,"28":0,"29":0,"30":0,"31":0,"32":1,"33":0,"34":0,"35":0,"36":0,"37":0,"38":0,"39":0,"40":0,"41":0,"42":0,"43":0,"44":0,"45":0,"46":0,"47":0,"48":0,"49":0,"50":0,"51":1,"52":0,"53":0,"54":0,"55":0,"56":0,"57":0,"58":0,"59":0,"60":0,"61":0,"62":0,"63":0,"64":0,"65":0,"66":0,"67":0,"68":0,"69":0,"70":1,"71":0,"72":0,"73":0,"74":0,"75":0,"76":0,"77":0,"78":0,"79":0,"80":0,"81":0,"82":0,"83":0,"84":0,"85":0,"86":0,"87":0,"88":1,"89":1,"90":1},"b":{"1":[1,1,1],"2":[0,0],"3":[0,1],"4":[0,0],"5":[0,0],"6":[0,0],"7":[0,0],"8":[0,0],"9":[0,0],"10":[0,0]},"f":{"1":1,"2":1,"3":1,"4":0,"5":0,"6":0,"7":0,"8":0,"9":0,"10":0,"11":0,"12":0,"13":0,"14":0,"15":0,"16":0,"17":0,"18":0,"19":0,"20":0,"21":0,"22":0,"23":0,"24":0,"25":0,"26":0,"27":0},"fnMap":{"1":{"name":"(anonymous_1)","line":2,"loc":{"start":{"line":2,"column":70},"end":{"line":2,"column":86}},"skip":true},"2":{"name":"__","line":4,"loc":{"start":{"line":4,"column":4},"end":{"line":4,"column":18}},"skip":true},"3":{"name":"(anonymous_3)","line":9,"loc":{"start":{"line":9,"column":12},"end":{"line":9,"column":30}}},"4":{"name":"SFTP","line":11,"loc":{"start":{"line":11,"column":4},"end":{"line":11,"column":27}}},"5":{"name":"(anonymous_5)","line":15,"loc":{"start":{"line":15,"column":29},"end":{"line":15,"column":58}}},"6":{"name":"(anonymous_6)","line":17,"loc":{"start":{"line":17,"column":25},"end":{"line":17,"column":37}}},"7":{"name":"(anonymous_7)","line":18,"loc":{"start":{"line":18,"column":22},"end":{"line":18,"column":43}}},"8":{"name":"(anonymous_8)","line":24,"loc":{"start":{"line":24,"column":29},"end":{"line":24,"column":54}}},"9":{"name":"(anonymous_9)","line":26,"loc":{"start":{"line":26,"column":21},"end":{"line":26,"column":42}}},"10":{"name":"(anonymous_10)","line":29,"loc":{"start":{"line":29,"column":36},"end":{"line":29,"column":57}}},"11":{"name":"(anonymous_11)","line":38,"loc":{"start":{"line":38,"column":30},"end":{"line":38,"column":55}}},"12":{"name":"(anonymous_12)","line":41,"loc":{"start":{"line":41,"column":25},"end":{"line":41,"column":37}}},"13":{"name":"(anonymous_13)","line":42,"loc":{"start":{"line":42,"column":22},"end":{"line":42,"column":43}}},"14":{"name":"(anonymous_14)","line":45,"loc":{"start":{"line":45,"column":34},"end":{"line":45,"column":51}}},"15":{"name":"(anonymous_15)","line":47,"loc":{"start":{"line":47,"column":29},"end":{"line":47,"column":41}}},"16":{"name":"(anonymous_16)","line":50,"loc":{"start":{"line":50,"column":31},"end":{"line":50,"column":46}}},"17":{"name":"(anonymous_17)","line":55,"loc":{"start":{"line":55,"column":23},"end":{"line":55,"column":38}}},"18":{"name":"(anonymous_18)","line":65,"loc":{"start":{"line":65,"column":31},"end":{"line":65,"column":56}}},"19":{"name":"(anonymous_19)","line":68,"loc":{"start":{"line":68,"column":25},"end":{"line":68,"column":37}}},"20":{"name":"(anonymous_20)","line":69,"loc":{"start":{"line":69,"column":22},"end":{"line":69,"column":43}}},"21":{"name":"(anonymous_21)","line":74,"loc":{"start":{"line":74,"column":40},"end":{"line":74,"column":52}}},"22":{"name":"(anonymous_22)","line":80,"loc":{"start":{"line":80,"column":23},"end":{"line":80,"column":38}}},"23":{"name":"(anonymous_23)","line":90,"loc":{"start":{"line":90,"column":30},"end":{"line":90,"column":67}}},"24":{"name":"(anonymous_24)","line":93,"loc":{"start":{"line":93,"column":25},"end":{"line":93,"column":37}}},"25":{"name":"(anonymous_25)","line":94,"loc":{"start":{"line":94,"column":22},"end":{"line":94,"column":43}}},"26":{"name":"(anonymous_26)","line":97,"loc":{"start":{"line":97,"column":46},"end":{"line":97,"column":71}}},"27":{"name":"(anonymous_27)","line":105,"loc":{"start":{"line":105,"column":23},"end":{"line":105,"column":38}}}},"statementMap":{"1":{"start":{"line":2,"column":0},"end":{"line":6,"column":2}},"2":{"start":{"line":3,"column":4},"end":{"line":3,"column":58},"skip":true},"3":{"start":{"line":3,"column":21},"end":{"line":3,"column":58},"skip":true},"4":{"start":{"line":3,"column":46},"end":{"line":3,"column":58},"skip":true},"5":{"start":{"line":4,"column":4},"end":{"line":4,"column":43},"skip":true},"6":{"start":{"line":4,"column":20},"end":{"line":4,"column":41},"skip":true},"7":{"start":{"line":5,"column":4},"end":{"line":5,"column":89},"skip":true},"8":{"start":{"line":7,"column":0},"end":{"line":7,"column":56}},"9":{"start":{"line":8,"column":0},"end":{"line":8,"column":115}},"10":{"start":{"line":9,"column":0},"end":{"line":116,"column":27}},"11":{"start":{"line":10,"column":4},"end":{"line":10,"column":28}},"12":{"start":{"line":11,"column":4},"end":{"line":14,"column":5}},"13":{"start":{"line":12,"column":8},"end":{"line":12,"column":26}},"14":{"start":{"line":13,"column":8},"end":{"line":13,"column":31}},"15":{"start":{"line":15,"column":4},"end":{"line":23,"column":6}},"16":{"start":{"line":16,"column":8},"end":{"line":16,"column":41}},"17":{"start":{"line":17,"column":8},"end":{"line":21,"column":11}},"18":{"start":{"line":18,"column":12},"end":{"line":20,"column":15}},"19":{"start":{"line":19,"column":16},"end":{"line":19,"column":36}},"20":{"start":{"line":22,"column":8},"end":{"line":22,"column":30}},"21":{"start":{"line":24,"column":4},"end":{"line":37,"column":6}},"22":{"start":{"line":25,"column":8},"end":{"line":25,"column":58}},"23":{"start":{"line":26,"column":8},"end":{"line":35,"column":11}},"24":{"start":{"line":27,"column":12},"end":{"line":28,"column":37}},"25":{"start":{"line":28,"column":16},"end":{"line":28,"column":37}},"26":{"start":{"line":29,"column":12},"end":{"line":34,"column":15}},"27":{"start":{"line":30,"column":16},"end":{"line":31,"column":41}},"28":{"start":{"line":31,"column":20},"end":{"line":31,"column":41}},"29":{"start":{"line":32,"column":16},"end":{"line":32,"column":27}},"30":{"start":{"line":33,"column":16},"end":{"line":33,"column":39}},"31":{"start":{"line":36,"column":8},"end":{"line":36,"column":32}},"32":{"start":{"line":38,"column":4},"end":{"line":64,"column":6}},"33":{"start":{"line":39,"column":8},"end":{"line":39,"column":70}},"34":{"start":{"line":40,"column":8},"end":{"line":40,"column":29}},"35":{"start":{"line":41,"column":8},"end":{"line":61,"column":11}},"36":{"start":{"line":42,"column":12},"end":{"line":54,"column":15}},"37":{"start":{"line":43,"column":16},"end":{"line":43,"column":62}},"38":{"start":{"line":44,"column":16},"end":{"line":44,"column":33}},"39":{"start":{"line":45,"column":16},"end":{"line":53,"column":19}},"40":{"start":{"line":46,"column":20},"end":{"line":46,"column":37}},"41":{"start":{"line":48,"column":20},"end":{"line":48,"column":31}},"42":{"start":{"line":49,"column":20},"end":{"line":49,"column":46}},"43":{"start":{"line":51,"column":20},"end":{"line":51,"column":31}},"44":{"start":{"line":52,"column":20},"end":{"line":52,"column":41}},"45":{"start":{"line":56,"column":12},"end":{"line":58,"column":13}},"46":{"start":{"line":57,"column":16},"end":{"line":57,"column":37}},"47":{"start":{"line":59,"column":12},"end":{"line":59,"column":31}},"48":{"start":{"line":60,"column":12},"end":{"line":60,"column":34}},"49":{"start":{"line":62,"column":8},"end":{"line":62,"column":30}},"50":{"start":{"line":63,"column":8},"end":{"line":63,"column":32}},"51":{"start":{"line":65,"column":4},"end":{"line":89,"column":6}},"52":{"start":{"line":66,"column":8},"end":{"line":66,"column":70}},"53":{"start":{"line":67,"column":8},"end":{"line":67,"column":29}},"54":{"start":{"line":68,"column":8},"end":{"line":86,"column":11}},"55":{"start":{"line":69,"column":12},"end":{"line":79,"column":15}},"56":{"start":{"line":70,"column":16},"end":{"line":70,"column":68}},"57":{"start":{"line":71,"column":16},"end":{"line":71,"column":48}},"58":{"start":{"line":72,"column":16},"end":{"line":72,"column":46}},"59":{"start":{"line":73,"column":16},"end":{"line":73,"column":38}},"60":{"start":{"line":74,"column":16},"end":{"line":77,"column":19}},"61":{"start":{"line":75,"column":20},"end":{"line":75,"column":31}},"62":{"start":{"line":76,"column":20},"end":{"line":76,"column":48}},"63":{"start":{"line":78,"column":16},"end":{"line":78,"column":45}},"64":{"start":{"line":81,"column":12},"end":{"line":83,"column":13}},"65":{"start":{"line":82,"column":16},"end":{"line":82,"column":37}},"66":{"start":{"line":84,"column":12},"end":{"line":84,"column":31}},"67":{"start":{"line":85,"column":12},"end":{"line":85,"column":34}},"68":{"start":{"line":87,"column":8},"end":{"line":87,"column":30}},"69":{"start":{"line":88,"column":8},"end":{"line":88,"column":32}},"70":{"start":{"line":90,"column":4},"end":{"line":114,"column":6}},"71":{"start":{"line":91,"column":8},"end":{"line":91,"column":70}},"72":{"start":{"line":92,"column":8},"end":{"line":92,"column":29}},"73":{"start":{"line":93,"column":8},"end":{"line":111,"column":11}},"74":{"start":{"line":94,"column":12},"end":{"line":104,"column":15}},"75":{"start":{"line":95,"column":16},"end":{"line":96,"column":41}},"76":{"start":{"line":96,"column":20},"end":{"line":96,"column":41}},"77":{"start":{"line":97,"column":16},"end":{"line":103,"column":19}},"78":{"start":{"line":98,"column":20},"end":{"line":100,"column":21}},"79":{"start":{"line":99,"column":24},"end":{"line":99,"column":45}},"80":{"start":{"line":101,"column":20},"end":{"line":101,"column":31}},"81":{"start":{"line":102,"column":20},"end":{"line":102,"column":47}},"82":{"start":{"line":106,"column":12},"end":{"line":108,"column":13}},"83":{"start":{"line":107,"column":16},"end":{"line":107,"column":37}},"84":{"start":{"line":109,"column":12},"end":{"line":109,"column":31}},"85":{"start":{"line":110,"column":12},"end":{"line":110,"column":34}},"86":{"start":{"line":112,"column":8},"end":{"line":112,"column":30}},"87":{"start":{"line":113,"column":8},"end":{"line":113,"column":32}},"88":{"start":{"line":115,"column":4},"end":{"line":115,"column":16}},"89":{"start":{"line":117,"column":0},"end":{"line":117,"column":62}},"90":{"start":{"line":118,"column":0},"end":{"line":118,"column":23}}},"branchMap":{"1":{"line":2,"type":"binary-expr","locations":[{"start":{"line":2,"column":17},"end":{"line":2,"column":21}},{"start":{"line":2,"column":25},"end":{"line":2,"column":39}},{"start":{"line":2,"column":70},"end":{"line":6,"column":1},"skip":true}]},"2":{"line":3,"type":"if","locations":[{"start":{"line":3,"column":21},"end":{"line":3,"column":21},"skip":true},{"start":{"line":3,"column":21},"end":{"line":3,"column":21},"skip":true}]},"3":{"line":5,"type":"cond-expr","locations":[{"start":{"line":5,"column":31},"end":{"line":5,"column":47},"skip":true},{"start":{"line":5,"column":51},"end":{"line":5,"column":87},"skip":true}]},"4":{"line":27,"type":"if","locations":[{"start":{"line":27,"column":12},"end":{"line":27,"column":12}},{"start":{"line":27,"column":12},"end":{"line":27,"column":12}}]},"5":{"line":30,"type":"if","locations":[{"start":{"line":30,"column":16},"end":{"line":30,"column":16}},{"start":{"line":30,"column":16},"end":{"line":30,"column":16}}]},"6":{"line":56,"type":"if","locations":[{"start":{"line":56,"column":12},"end":{"line":56,"column":12}},{"start":{"line":56,"column":12},"end":{"line":56,"column":12}}]},"7":{"line":81,"type":"if","locations":[{"start":{"line":81,"column":12},"end":{"line":81,"column":12}},{"start":{"line":81,"column":12},"end":{"line":81,"column":12}}]},"8":{"line":95,"type":"if","locations":[{"start":{"line":95,"column":16},"end":{"line":95,"column":16}},{"start":{"line":95,"column":16},"end":{"line":95,"column":16}}]},"9":{"line":98,"type":"if","locations":[{"start":{"line":98,"column":20},"end":{"line":98,"column":20}},{"start":{"line":98,"column":20},"end":{"line":98,"column":20}}]},"10":{"line":106,"type":"if","locations":[{"start":{"line":106,"column":12},"end":{"line":106,"column":12}},{"start":{"line":106,"column":12},"end":{"line":106,"column":12}}]}},"l":{"2":1,"3":1,"4":1,"5":1,"7":1,"8":1,"9":1,"10":1,"11":1,"12":0,"13":0,"15":1,"16":0,"17":0,"18":0,"19":0,"22":0,"24":1,"25":0,"26":0,"27":0,"28":0,"29":0,"30":0,"31":0,"32":0,"33":0,"36":0,"38":1,"39":0,"40":0,"41":0,"42":0,"43":0,"44":0,"45":0,"46":0,"48":0,"49":0,"51":0,"52":0,"56":0,"57":0,"59":0,"60":0,"62":0,"63":0,"65":1,"66":0,"67":0,"68":0,"69":0,"70":0,"71":0,"72":0,"73":0,"74":0,"75":0,"76":0,"78":0,"81":0,"82":0,"84":0,"85":0,"87":0,"88":0,"90":1,"91":0,"92":0,"93":0,"94":0,"95":0,"96":0,"97":0,"98":0,"99":0,"101":0,"102":0,"106":0,"107":0,"109":0,"110":0,"112":0,"113":0,"115":1,"117":1,"118":1}}}
