TN:
SF:/Users/RyanSmith/Desktop/symphony-integrations/sy-trans/app/services/FTP.js
FN:2,(anonymous_1)
FN:4,__
FN:9,(anonymous_3)
FN:11,FTP
FN:16,(anonymous_5)
FN:20,(anonymous_6)
FN:25,(anonymous_7)
FN:27,(anonymous_8)
FN:29,(anonymous_9)
FN:39,(anonymous_10)
FN:43,(anonymous_11)
FN:44,(anonymous_12)
FN:49,(anonymous_13)
FN:51,(anonymous_14)
FN:54,(anonymous_15)
FN:63,(anonymous_16)
FN:67,(anonymous_17)
FN:72,(anonymous_18)
FN:79,(anonymous_19)
FN:89,(anonymous_20)
FN:93,(anonymous_21)
FN:94,(anonymous_22)
FN:101,(anonymous_23)
FNF:23
FNH:9
FNDA:1,(anonymous_1)
FNDA:1,__
FNDA:1,(anonymous_3)
FNDA:1,FTP
FNDA:0,(anonymous_5)
FNDA:0,(anonymous_6)
FNDA:1,(anonymous_7)
FNDA:1,(anonymous_8)
FNDA:1,(anonymous_9)
FNDA:0,(anonymous_10)
FNDA:0,(anonymous_11)
FNDA:0,(anonymous_12)
FNDA:0,(anonymous_13)
FNDA:0,(anonymous_14)
FNDA:0,(anonymous_15)
FNDA:0,(anonymous_16)
FNDA:0,(anonymous_17)
FNDA:0,(anonymous_18)
FNDA:0,(anonymous_19)
FNDA:0,(anonymous_20)
FNDA:0,(anonymous_21)
FNDA:0,(anonymous_22)
FNDA:0,(anonymous_23)
DA:2,1
DA:3,1
DA:4,1
DA:5,1
DA:7,1
DA:8,1
DA:9,1
DA:10,1
DA:11,1
DA:12,1
DA:13,1
DA:16,1
DA:17,1
DA:18,1
DA:19,1
DA:20,1
DA:21,1
DA:22,1
DA:23,1
DA:25,1
DA:26,1
DA:27,1
DA:28,1
DA:29,1
DA:30,1
DA:32,0
DA:34,1
DA:36,1
DA:39,1
DA:40,0
DA:41,0
DA:42,0
DA:43,0
DA:44,0
DA:45,0
DA:46,0
DA:48,0
DA:49,0
DA:50,0
DA:52,0
DA:53,0
DA:55,0
DA:56,0
DA:60,0
DA:61,0
DA:63,1
DA:64,0
DA:65,0
DA:66,0
DA:67,0
DA:68,0
DA:69,0
DA:70,0
DA:71,0
DA:72,0
DA:73,0
DA:74,0
DA:76,0
DA:77,0
DA:80,0
DA:81,0
DA:83,0
DA:84,0
DA:86,0
DA:87,0
DA:89,1
DA:90,0
DA:91,0
DA:92,0
DA:93,0
DA:94,0
DA:95,0
DA:96,0
DA:98,0
DA:99,0
DA:102,0
DA:103,0
DA:105,0
DA:106,0
DA:108,0
DA:109,0
DA:111,1
DA:113,1
DA:114,1
LF:84
LH:33
BRDA:2,1,0,1
BRDA:2,1,1,1
BRDA:2,1,2,1
BRDA:3,2,0,0
BRDA:3,2,1,0
BRDA:5,3,0,0
BRDA:5,3,1,1
BRDA:19,4,0,0
BRDA:19,4,1,0
BRDA:30,5,0,0
BRDA:30,5,1,1
BRDA:42,6,0,0
BRDA:42,6,1,0
BRDA:45,7,0,0
BRDA:45,7,1,0
BRDA:66,8,0,0
BRDA:66,8,1,0
BRDA:73,9,0,0
BRDA:73,9,1,0
BRDA:80,10,0,0
BRDA:80,10,1,0
BRDA:92,11,0,0
BRDA:92,11,1,0
BRDA:95,12,0,0
BRDA:95,12,1,0
BRDA:102,13,0,0
BRDA:102,13,1,0
BRF:27
BRH:10
end_of_record
TN:
SF:/Users/RyanSmith/Desktop/symphony-integrations/sy-trans/app/services/SFTP.js
FN:2,(anonymous_1)
FN:4,__
FN:9,(anonymous_3)
FN:11,SFTP
FN:15,(anonymous_5)
FN:17,(anonymous_6)
FN:18,(anonymous_7)
FN:24,(anonymous_8)
FN:26,(anonymous_9)
FN:29,(anonymous_10)
FN:38,(anonymous_11)
FN:41,(anonymous_12)
FN:42,(anonymous_13)
FN:45,(anonymous_14)
FN:47,(anonymous_15)
FN:50,(anonymous_16)
FN:55,(anonymous_17)
FN:65,(anonymous_18)
FN:68,(anonymous_19)
FN:69,(anonymous_20)
FN:74,(anonymous_21)
FN:80,(anonymous_22)
FN:90,(anonymous_23)
FN:93,(anonymous_24)
FN:94,(anonymous_25)
FN:97,(anonymous_26)
FN:105,(anonymous_27)
FNF:27
FNH:3
FNDA:1,(anonymous_1)
FNDA:1,__
FNDA:1,(anonymous_3)
FNDA:0,SFTP
FNDA:0,(anonymous_5)
FNDA:0,(anonymous_6)
FNDA:0,(anonymous_7)
FNDA:0,(anonymous_8)
FNDA:0,(anonymous_9)
FNDA:0,(anonymous_10)
FNDA:0,(anonymous_11)
FNDA:0,(anonymous_12)
FNDA:0,(anonymous_13)
FNDA:0,(anonymous_14)
FNDA:0,(anonymous_15)
FNDA:0,(anonymous_16)
FNDA:0,(anonymous_17)
FNDA:0,(anonymous_18)
FNDA:0,(anonymous_19)
FNDA:0,(anonymous_20)
FNDA:0,(anonymous_21)
FNDA:0,(anonymous_22)
FNDA:0,(anonymous_23)
FNDA:0,(anonymous_24)
FNDA:0,(anonymous_25)
FNDA:0,(anonymous_26)
FNDA:0,(anonymous_27)
DA:2,1
DA:3,1
DA:4,1
DA:5,1
DA:7,1
DA:8,1
DA:9,1
DA:10,1
DA:11,1
DA:12,0
DA:13,0
DA:15,1
DA:16,0
DA:17,0
DA:18,0
DA:19,0
DA:22,0
DA:24,1
DA:25,0
DA:26,0
DA:27,0
DA:28,0
DA:29,0
DA:30,0
DA:31,0
DA:32,0
DA:33,0
DA:36,0
DA:38,1
DA:39,0
DA:40,0
DA:41,0
DA:42,0
DA:43,0
DA:44,0
DA:45,0
DA:46,0
DA:48,0
DA:49,0
DA:51,0
DA:52,0
DA:56,0
DA:57,0
DA:59,0
DA:60,0
DA:62,0
DA:63,0
DA:65,1
DA:66,0
DA:67,0
DA:68,0
DA:69,0
DA:70,0
DA:71,0
DA:72,0
DA:73,0
DA:74,0
DA:75,0
DA:76,0
DA:78,0
DA:81,0
DA:82,0
DA:84,0
DA:85,0
DA:87,0
DA:88,0
DA:90,1
DA:91,0
DA:92,0
DA:93,0
DA:94,0
DA:95,0
DA:96,0
DA:97,0
DA:98,0
DA:99,0
DA:101,0
DA:102,0
DA:106,0
DA:107,0
DA:109,0
DA:110,0
DA:112,0
DA:113,0
DA:115,1
DA:117,1
DA:118,1
LF:87
LH:17
BRDA:2,1,0,1
BRDA:2,1,1,1
BRDA:2,1,2,1
BRDA:3,2,0,0
BRDA:3,2,1,0
BRDA:5,3,0,0
BRDA:5,3,1,1
BRDA:27,4,0,0
BRDA:27,4,1,0
BRDA:30,5,0,0
BRDA:30,5,1,0
BRDA:56,6,0,0
BRDA:56,6,1,0
BRDA:81,7,0,0
BRDA:81,7,1,0
BRDA:95,8,0,0
BRDA:95,8,1,0
BRDA:98,9,0,0
BRDA:98,9,1,0
BRDA:106,10,0,0
BRDA:106,10,1,0
BRF:21
BRH:7
end_of_record
